app/build/outputs/logs/manifest-merger-debug-report.txt
-- Merging decision tree log ---
manifest
ADDED from src\main\AndroidManifest.xml:2:1-99:12
	package
		ADDED from src\main\AndroidManifest.xml:3:5-33
		INJECTED from src\main\AndroidManifest.xml
		INJECTED from src\main\AndroidManifest.xml
	android:versionName
		INJECTED from src\main\AndroidManifest.xml
		INJECTED from src\main\AndroidManifest.xml
	xmlns:android
		ADDED from src\main\AndroidManifest.xml:2:11-69
	android:versionCode
		INJECTED from src\main\AndroidManifest.xml
		INJECTED from src\main\AndroidManifest.xml
uses-permission#android.permission.ACCESS_NETWORK_STATE
ADDED from src\main\AndroidManifest.xml:5:5-79
MERGED from [com.paypal.sdk:paypal-android-sdk:2.13.1] AndroidManifest.xml:9:5-79
MERGED from [com.google.firebase:firebase-analytics:9.0.1] AndroidManifest.xml:22:5-79
MERGED from [com.google.firebase:firebase-analytics-impl:9.0.1] AndroidManifest.xml:22:5-79
MERGED from [com.google.firebase:firebase-iid:9.0.1] AndroidManifest.xml:20:5-79
MERGED from [com.google.android.gms:play-services-ads-lite:9.0.1] AndroidManifest.xml:21:5-78
	android:name
		ADDED from src\main\AndroidManifest.xml:5:22-76
uses-permission#android.permission.ACCESS_WIFI_STATE
ADDED from src\main\AndroidManifest.xml:6:5-76
	android:name
		ADDED from src\main\AndroidManifest.xml:6:22-73
uses-permission#android.permission.INTERNET
ADDED from src\main\AndroidManifest.xml:7:5-67
MERGED from [com.paypal.sdk:paypal-android-sdk:2.13.1] AndroidManifest.xml:10:5-67
MERGED from [com.google.firebase:firebase-analytics:9.0.1] AndroidManifest.xml:21:5-67
MERGED from [com.google.firebase:firebase-analytics-impl:9.0.1] AndroidManifest.xml:21:5-67
MERGED from [com.google.firebase:firebase-iid:9.0.1] AndroidManifest.xml:21:5-67
MERGED from [com.google.android.gms:play-services-ads-lite:9.0.1] AndroidManifest.xml:20:5-66
	android:name
		ADDED from src\main\AndroidManifest.xml:7:22-64
uses-permission#android.permission.WRITE_EXTERNAL_STORAGE
ADDED from src\main\AndroidManifest.xml:8:5-81
	android:name
		ADDED from src\main\AndroidManifest.xml:8:22-78
uses-permission#android.permission.READ_PHONE_STATE
ADDED from src\main\AndroidManifest.xml:9:5-74
	android:name
		ADDED from src\main\AndroidManifest.xml:9:22-72
uses-permission#android.permission.CAMERA
ADDED from src\main\AndroidManifest.xml:12:5-65
MERGED from [io.card:android-sdk:5.3.0] AndroidManifest.xml:11:5-65
	android:name
		ADDED from src\main\AndroidManifest.xml:12:22-62
uses-permission#android.permission.VIBRATE
ADDED from src\main\AndroidManifest.xml:13:5-66
MERGED from [io.card:android-sdk:5.3.0] AndroidManifest.xml:12:5-66
	android:name
		ADDED from src\main\AndroidManifest.xml:13:22-63
uses-feature#android.hardware.camera
ADDED from src\main\AndroidManifest.xml:15:5-17:36
MERGED from [io.card:android-sdk:5.3.0] AndroidManifest.xml:14:5-16:36
	android:required
		ADDED from src\main\AndroidManifest.xml:17:9-33
	android:name
		ADDED from src\main\AndroidManifest.xml:16:9-47
uses-feature#android.hardware.camera.autofocus
ADDED from src\main\AndroidManifest.xml:18:5-20:36
MERGED from [io.card:android-sdk:5.3.0] AndroidManifest.xml:17:5-19:36
	android:required
		ADDED from src\main\AndroidManifest.xml:20:9-33
	android:name
		ADDED from src\main\AndroidManifest.xml:19:9-57
application
ADDED from src\main\AndroidManifest.xml:22:5-97:19
MERGED from [com.android.support:support-v4:23.0.0] AndroidManifest.xml:22:5-20
MERGED from [com.android.support:appcompat-v7:22.2.0] AndroidManifest.xml:22:5-20
MERGED from [com.paypal.sdk:paypal-android-sdk:2.13.1] AndroidManifest.xml:12:5-26:19
MERGED from [io.card:android-sdk:5.3.0] AndroidManifest.xml:21:5-26:19
MERGED from [com.lsjwzh:materialloadingprogressbar:0.5.8-RELEASE] AndroidManifest.xml:11:5-12:19
MERGED from [com.google.firebase:firebase-core:9.0.1] AndroidManifest.xml:5:5-20
MERGED from [com.google.firebase:firebase-analytics:9.0.1] AndroidManifest.xml:26:5-41:19
MERGED from [com.google.android.gms:play-services-basement:9.0.1] AndroidManifest.xml:20:5-24:19
MERGED from [com.google.firebase:firebase-common:9.0.1] AndroidManifest.xml:5:5-12:19
MERGED from [com.google.android.gms:play-services-tasks:9.0.1] AndroidManifest.xml:5:5-20
MERGED from [com.google.firebase:firebase-analytics-impl:9.0.1] AndroidManifest.xml:26:5-41:19
MERGED from [com.google.android.gms:play-services-base:9.0.1] AndroidManifest.xml:19:5-23:19
MERGED from [com.google.firebase:firebase-iid:9.0.1] AndroidManifest.xml:30:5-59:19
MERGED from [com.google.firebase:firebase-ads:9.0.1] AndroidManifest.xml:5:5-20
MERGED from [com.google.android.gms:play-services-ads-lite:9.0.1] AndroidManifest.xml:24:5-32:19
MERGED from [com.google.firebase:firebase-messaging:9.0.1] AndroidManifest.xml:20:5-32:19
	android:label
		ADDED from src\main\AndroidManifest.xml:26:9-41
	android:hardwareAccelerated
		ADDED from src\main\AndroidManifest.xml:29:9-43
	android:windowSoftInputMode
		ADDED from src\main\AndroidManifest.xml:28:9-63
	android:allowBackup
		ADDED from src\main\AndroidManifest.xml:23:9-35
	android:icon
		ADDED from src\main\AndroidManifest.xml:25:9-45
	android:largeHeap
		ADDED from src\main\AndroidManifest.xml:24:9-33
	android:theme
		ADDED from src\main\AndroidManifest.xml:27:9-62
activity#com.fsd.logodesign.Splash_Screen
ADDED from src\main\AndroidManifest.xml:30:9-39:20
	android:screenOrientation
		ADDED from src\main\AndroidManifest.xml:33:13-49
	android:label
		ADDED from src\main\AndroidManifest.xml:32:13-45
	android:name
		ADDED from src\main\AndroidManifest.xml:31:13-42
intent-filter#android.intent.action.MAIN+android.intent.category.LAUNCHER
ADDED from src\main\AndroidManifest.xml:34:13-38:29
action#android.intent.action.MAIN
ADDED from src\main\AndroidManifest.xml:35:17-69
	android:name
		ADDED from src\main\AndroidManifest.xml:35:25-66
category#android.intent.category.LAUNCHER
ADDED from src\main\AndroidManifest.xml:37:17-77
	android:name
		ADDED from src\main\AndroidManifest.xml:37:27-74
activity#com.fsd.logodesign.SVG_View_Pager
ADDED from src\main\AndroidManifest.xml:40:9-44:80
	android:screenOrientation
		ADDED from src\main\AndroidManifest.xml:43:13-49
	android:label
		ADDED from src\main\AndroidManifest.xml:42:13-66
	android:windowSoftInputMode
		ADDED from src\main\AndroidManifest.xml:44:13-68
	android:name
		ADDED from src\main\AndroidManifest.xml:41:13-61
activity#com.fsd.logodesign.PaymentWebview
ADDED from src\main\AndroidManifest.xml:45:9-48:66
	android:screenOrientation
		ADDED from src\main\AndroidManifest.xml:47:13-49
	android:label
		ADDED from src\main\AndroidManifest.xml:46:13-66
	android:windowSoftInputMode
		ADDED from src\main\AndroidManifest.xml:48:13-64
	android:name
		ADDED from src\main\AndroidManifest.xml:45:19-49
service#com.paypal.android.sdk.payments.PayPalService
ADDED from src\main\AndroidManifest.xml:51:9-53:40
MERGED from [com.paypal.sdk:paypal-android-sdk:2.13.1] AndroidManifest.xml:23:9-25:40
	android:exported
		ADDED from src\main\AndroidManifest.xml:53:13-37
	android:name
		ADDED from src\main\AndroidManifest.xml:52:13-73
activity#com.paypal.android.sdk.payments.PaymentActivity
ADDED from src\main\AndroidManifest.xml:55:9-84
MERGED from [com.paypal.sdk:paypal-android-sdk:2.13.1] AndroidManifest.xml:13:9-84
	android:name
		ADDED from src\main\AndroidManifest.xml:55:19-81
activity#com.paypal.android.sdk.payments.LoginActivity
ADDED from src\main\AndroidManifest.xml:56:9-82
MERGED from [com.paypal.sdk:paypal-android-sdk:2.13.1] AndroidManifest.xml:16:9-82
	android:name
		ADDED from src\main\AndroidManifest.xml:56:19-79
activity#com.paypal.android.sdk.payments.PaymentMethodActivity
ADDED from src\main\AndroidManifest.xml:57:9-90
MERGED from [com.paypal.sdk:paypal-android-sdk:2.13.1] AndroidManifest.xml:14:9-90
	android:name
		ADDED from src\main\AndroidManifest.xml:57:19-87
activity#com.paypal.android.sdk.payments.PaymentConfirmActivity
ADDED from src\main\AndroidManifest.xml:58:9-91
MERGED from [com.paypal.sdk:paypal-android-sdk:2.13.1] AndroidManifest.xml:15:9-91
	android:name
		ADDED from src\main\AndroidManifest.xml:58:19-88
activity#io.card.payment.CardIOActivity
ADDED from src\main\AndroidManifest.xml:60:9-62:66
MERGED from [io.card:android-sdk:5.3.0] AndroidManifest.xml:22:9-24:66
	android:configChanges
		ADDED from src\main\AndroidManifest.xml:62:13-63
	android:name
		ADDED from src\main\AndroidManifest.xml:61:13-58
activity#io.card.payment.DataEntryActivity
ADDED from src\main\AndroidManifest.xml:63:9-70
MERGED from [io.card:android-sdk:5.3.0] AndroidManifest.xml:25:9-70
	android:name
		ADDED from src\main\AndroidManifest.xml:63:19-67
meta-data#com.google.android.gms.version
ADDED from src\main\AndroidManifest.xml:65:9-67:69
MERGED from [com.google.android.gms:play-services-basement:9.0.1] AndroidManifest.xml:21:9-23:69
	android:value
		ADDED from src\main\AndroidManifest.xml:67:13-66
	android:name
		ADDED from src\main\AndroidManifest.xml:66:13-58
activity#com.google.android.gms.ads.AdActivity
ADDED from src\main\AndroidManifest.xml:69:9-71:125
MERGED from [com.google.android.gms:play-services-ads-lite:9.0.1] AndroidManifest.xml:26:9-29:64
	android:configChanges
		ADDED from src\main\AndroidManifest.xml:71:13-122
	android:theme
		ADDED from [com.google.android.gms:play-services-ads-lite:9.0.1] AndroidManifest.xml:29:13-61
	android:name
		ADDED from src\main\AndroidManifest.xml:70:13-65
activity#com.fsd.logodesign.Custom_Designing
ADDED from src\main\AndroidManifest.xml:73:9-82:20
	android:screenOrientation
		ADDED from src\main\AndroidManifest.xml:74:13-49
	android:windowSoftInputMode
		ADDED from src\main\AndroidManifest.xml:75:13-56
	android:name
		ADDED from src\main\AndroidManifest.xml:73:19-51
activity#com.fsd.logodesign.MainScreen
ADDED from src\main\AndroidManifest.xml:84:9-47
	android:name
		ADDED from src\main\AndroidManifest.xml:84:19-45
service#com.fsd.logodesign.MyFirebaseMessagingService
ADDED from src\main\AndroidManifest.xml:85:7-90:19
	android:name
		ADDED from src\main\AndroidManifest.xml:86:13-55
intent-filter#com.google.firebase.MESSAGING_EVENT
ADDED from src\main\AndroidManifest.xml:87:13-89:29
action#com.google.firebase.MESSAGING_EVENT
ADDED from src\main\AndroidManifest.xml:88:17-77
	android:name
		ADDED from src\main\AndroidManifest.xml:88:25-75
uses-sdk
INJECTED from src\main\AndroidManifest.xml reason: use-sdk injection requested
MERGED from [com.android.support:recyclerview-v7:22.2.0] AndroidManifest.xml:20:5-43
MERGED from [com.android.support:support-v4:23.0.0] AndroidManifest.xml:20:5-43
MERGED from [com.pes.materialcolorpicker:library:1.0.2] AndroidManifest.xml:7:5-9:41
MERGED from [com.android.support:appcompat-v7:22.2.0] AndroidManifest.xml:20:5-43
MERGED from [com.paypal.sdk:paypal-android-sdk:2.13.1] AndroidManifest.xml:5:5-7:41
MERGED from [io.card:android-sdk:5.3.0] AndroidManifest.xml:7:5-9:41
MERGED from [com.lsjwzh:materialloadingprogressbar:0.5.8-RELEASE] AndroidManifest.xml:7:5-9:41
MERGED from [asia.ivity.android:drag-sort-listview:1.0] AndroidManifest.xml:6:5-7:35
MERGED from [com.google.firebase:firebase-core:9.0.1] AndroidManifest.xml:4:5-42
MERGED from [com.google.firebase:firebase-analytics:9.0.1] AndroidManifest.xml:18:5-42
MERGED from [com.google.android.gms:play-services-basement:9.0.1] AndroidManifest.xml:18:5-42
MERGED from [com.google.firebase:firebase-common:9.0.1] AndroidManifest.xml:4:5-43
MERGED from [com.google.android.gms:play-services-tasks:9.0.1] AndroidManifest.xml:4:5-43
MERGED from [com.google.firebase:firebase-analytics-impl:9.0.1] AndroidManifest.xml:18:5-42
MERGED from [com.google.android.gms:play-services-base:9.0.1] AndroidManifest.xml:18:5-42
MERGED from [com.google.firebase:firebase-iid:9.0.1] AndroidManifest.xml:18:5-42
MERGED from [com.google.firebase:firebase-ads:9.0.1] AndroidManifest.xml:4:5-42
MERGED from [com.google.android.gms:play-services-ads:9.0.1] AndroidManifest.xml:19:5-42
MERGED from [com.google.android.gms:play-services-ads-lite:9.0.1] AndroidManifest.xml:23:5-42
MERGED from [com.google.firebase:firebase-messaging:9.0.1] AndroidManifest.xml:18:5-42
MERGED from [QLD+:library-1.0.2:unspecified] AndroidManifest.xml:7:5-44
	android:targetSdkVersion
		INJECTED from src\main\AndroidManifest.xml
		INJECTED from src\main\AndroidManifest.xml
	android:minSdkVersion
		INJECTED from src\main\AndroidManifest.xml
		INJECTED from src\main\AndroidManifest.xml
activity#com.paypal.android.sdk.payments.PayPalFuturePaymentActivity
ADDED from [com.paypal.sdk:paypal-android-sdk:2.13.1] AndroidManifest.xml:17:9-96
	android:name
		ADDED from [com.paypal.sdk:paypal-android-sdk:2.13.1] AndroidManifest.xml:17:19-93
activity#com.paypal.android.sdk.payments.FuturePaymentConsentActivity
ADDED from [com.paypal.sdk:paypal-android-sdk:2.13.1] AndroidManifest.xml:18:9-97
	android:name
		ADDED from [com.paypal.sdk:paypal-android-sdk:2.13.1] AndroidManifest.xml:18:19-94
activity#com.paypal.android.sdk.payments.FuturePaymentInfoActivity
ADDED from [com.paypal.sdk:paypal-android-sdk:2.13.1] AndroidManifest.xml:19:9-94
	android:name
		ADDED from [com.paypal.sdk:paypal-android-sdk:2.13.1] AndroidManifest.xml:19:19-91
activity#com.paypal.android.sdk.payments.PayPalProfileSharingActivity
ADDED from [com.paypal.sdk:paypal-android-sdk:2.13.1] AndroidManifest.xml:20:9-97
	android:name
		ADDED from [com.paypal.sdk:paypal-android-sdk:2.13.1] AndroidManifest.xml:20:19-94
activity#com.paypal.android.sdk.payments.ProfileSharingConsentActivity
ADDED from [com.paypal.sdk:paypal-android-sdk:2.13.1] AndroidManifest.xml:21:9-98
	android:name
		ADDED from [com.paypal.sdk:paypal-android-sdk:2.13.1] AndroidManifest.xml:21:19-95
uses-permission#android.permission.WAKE_LOCK
ADDED from [com.google.firebase:firebase-analytics:9.0.1] AndroidManifest.xml:24:5-67
MERGED from [com.google.firebase:firebase-analytics-impl:9.0.1] AndroidManifest.xml:24:5-67
MERGED from [com.google.firebase:firebase-iid:9.0.1] AndroidManifest.xml:22:5-68
	android:name
		ADDED from [com.google.firebase:firebase-analytics:9.0.1] AndroidManifest.xml:24:22-65
receiver#com.google.android.gms.measurement.AppMeasurementReceiver
ADDED from [com.google.firebase:firebase-analytics:9.0.1] AndroidManifest.xml:28:7-34:18
MERGED from [com.google.firebase:firebase-analytics-impl:9.0.1] AndroidManifest.xml:28:7-34:18
	android:enabled
		ADDED from [com.google.firebase:firebase-analytics:9.0.1] AndroidManifest.xml:30:11-33
	android:name
		ADDED from [com.google.firebase:firebase-analytics:9.0.1] AndroidManifest.xml:29:11-83
intent-filter#com.google.android.gms.measurement.UPLOAD
ADDED from [com.google.firebase:firebase-analytics:9.0.1] AndroidManifest.xml:31:9-33:25
action#com.google.android.gms.measurement.UPLOAD
ADDED from [com.google.firebase:firebase-analytics:9.0.1] AndroidManifest.xml:32:11-77
	android:name
		ADDED from [com.google.firebase:firebase-analytics:9.0.1] AndroidManifest.xml:32:19-75
service#com.google.android.gms.measurement.AppMeasurementService
ADDED from [com.google.firebase:firebase-analytics:9.0.1] AndroidManifest.xml:36:7-39:37
MERGED from [com.google.firebase:firebase-analytics-impl:9.0.1] AndroidManifest.xml:36:7-39:37
	android:enabled
		ADDED from [com.google.firebase:firebase-analytics:9.0.1] AndroidManifest.xml:38:11-33
	android:exported
		ADDED from [com.google.firebase:firebase-analytics:9.0.1] AndroidManifest.xml:39:11-35
	android:name
		ADDED from [com.google.firebase:firebase-analytics:9.0.1] AndroidManifest.xml:37:11-82
provider#com.google.firebase.provider.FirebaseInitProvider
ADDED from [com.google.firebase:firebase-common:9.0.1] AndroidManifest.xml:7:9-11:39
	android:authorities
		ADDED from [com.google.firebase:firebase-common:9.0.1] AndroidManifest.xml:8:13-72
	android:exported
		ADDED from [com.google.firebase:firebase-common:9.0.1] AndroidManifest.xml:10:13-37
	android:initOrder
		ADDED from [com.google.firebase:firebase-common:9.0.1] AndroidManifest.xml:11:13-36
	android:name
		ADDED from [com.google.firebase:firebase-common:9.0.1] AndroidManifest.xml:9:13-58
activity#com.google.android.gms.common.api.GoogleApiActivity
ADDED from [com.google.android.gms:play-services-base:9.0.1] AndroidManifest.xml:20:9-22:45
	android:exported
		ADDED from [com.google.android.gms:play-services-base:9.0.1] AndroidManifest.xml:22:19-43
	android:theme
		ADDED from [com.google.android.gms:play-services-base:9.0.1] AndroidManifest.xml:21:19-78
	android:name
		ADDED from [com.google.android.gms:play-services-base:9.0.1] AndroidManifest.xml:20:19-85
uses-permission#com.google.android.c2dm.permission.RECEIVE
ADDED from [com.google.firebase:firebase-iid:9.0.1] AndroidManifest.xml:23:5-82
	android:name
		ADDED from [com.google.firebase:firebase-iid:9.0.1] AndroidManifest.xml:23:22-79
permission#${applicationId}.permission.C2D_MESSAGE
ADDED from [com.google.firebase:firebase-iid:9.0.1] AndroidManifest.xml:25:5-26:47
	android:protectionLevel
		ADDED from [com.google.firebase:firebase-iid:9.0.1] AndroidManifest.xml:26:9-44
	android:name
		ADDED from [com.google.firebase:firebase-iid:9.0.1] AndroidManifest.xml:25:17-71
uses-permission#${applicationId}.permission.C2D_MESSAGE
ADDED from [com.google.firebase:firebase-iid:9.0.1] AndroidManifest.xml:28:5-79
	android:name
		ADDED from [com.google.firebase:firebase-iid:9.0.1] AndroidManifest.xml:28:22-76
receiver#com.google.firebase.iid.FirebaseInstanceIdReceiver
ADDED from [com.google.firebase:firebase-iid:9.0.1] AndroidManifest.xml:32:9-41:20
	android:exported
		ADDED from [com.google.firebase:firebase-iid:9.0.1] AndroidManifest.xml:34:13-36
	android:permission
		ADDED from [com.google.firebase:firebase-iid:9.0.1] AndroidManifest.xml:35:13-73
	android:name
		ADDED from [com.google.firebase:firebase-iid:9.0.1] AndroidManifest.xml:33:13-78
intent-filter#${applicationId}+com.google.android.c2dm.intent.RECEIVE+com.google.android.c2dm.intent.REGISTRATION
ADDED from [com.google.firebase:firebase-iid:9.0.1] AndroidManifest.xml:36:13-40:29
action#com.google.android.c2dm.intent.RECEIVE
ADDED from [com.google.firebase:firebase-iid:9.0.1] AndroidManifest.xml:37:17-81
	android:name
		ADDED from [com.google.firebase:firebase-iid:9.0.1] AndroidManifest.xml:37:25-78
action#com.google.android.c2dm.intent.REGISTRATION
ADDED from [com.google.firebase:firebase-iid:9.0.1] AndroidManifest.xml:38:17-86
	android:name
		ADDED from [com.google.firebase:firebase-iid:9.0.1] AndroidManifest.xml:38:25-83
category#${applicationId}
ADDED from [com.google.firebase:firebase-iid:9.0.1] AndroidManifest.xml:39:17-61
	android:name
		ADDED from [com.google.firebase:firebase-iid:9.0.1] AndroidManifest.xml:39:27-58
receiver#com.google.firebase.iid.FirebaseInstanceIdInternalReceiver
ADDED from [com.google.firebase:firebase-iid:9.0.1] AndroidManifest.xml:45:9-47:40
	android:exported
		ADDED from [com.google.firebase:firebase-iid:9.0.1] AndroidManifest.xml:47:13-37
	android:name
		ADDED from [com.google.firebase:firebase-iid:9.0.1] AndroidManifest.xml:46:13-86
service#com.google.firebase.iid.FirebaseInstanceIdService
ADDED from [com.google.firebase:firebase-iid:9.0.1] AndroidManifest.xml:51:9-57:19
	android:exported
		ADDED from [com.google.firebase:firebase-iid:9.0.1] AndroidManifest.xml:53:13-36
	android:name
		ADDED from [com.google.firebase:firebase-iid:9.0.1] AndroidManifest.xml:52:13-77
intent-filter#com.google.firebase.INSTANCE_ID_EVENT
ADDED from [com.google.firebase:firebase-iid:9.0.1] AndroidManifest.xml:54:13-56:29
	android:priority
		ADDED from [com.google.firebase:firebase-iid:9.0.1] AndroidManifest.xml:54:28-51
action#com.google.firebase.INSTANCE_ID_EVENT
ADDED from [com.google.firebase:firebase-iid:9.0.1] AndroidManifest.xml:55:17-80
	android:name
		ADDED from [com.google.firebase:firebase-iid:9.0.1] AndroidManifest.xml:55:25-77
activity#com.google.android.gms.ads.purchase.InAppPurchaseActivity
ADDED from [com.google.android.gms:play-services-ads-lite:9.0.1] AndroidManifest.xml:30:9-31:52
	android:theme
		ADDED from [com.google.android.gms:play-services-ads-lite:9.0.1] AndroidManifest.xml:31:13-50
	android:name
		ADDED from [com.google.android.gms:play-services-ads-lite:9.0.1] AndroidManifest.xml:30:19-91
service#com.google.firebase.messaging.FirebaseMessagingService
ADDED from [com.google.firebase:firebase-messaging:9.0.1] AndroidManifest.xml:24:9-30:19
	android:exported
		ADDED from [com.google.firebase:firebase-messaging:9.0.1] AndroidManifest.xml:26:13-36
	android:name
		ADDED from [com.google.firebase:firebase-messaging:9.0.1] AndroidManifest.xml:25:13-82